<?xml version="1.0" encoding="UTF-8"?>
<!-- Generated by org.testng.reporters.JUnitReportReporter -->
<testsuite hostname="ndasam-PC" name="sample.WebdriverScript" tests="1" failures="0" timestamp="4 Aug 2016 02:12:29 GMT" time="1.949" errors="0">
  <testcase name="testAlert_Test" time="1.949" classname="sample.WebdriverScript"/>
</testsuite> <!-- sample.WebdriverScript -->
