<?xml version="1.0" encoding="UTF-8"?>
<!-- Generated by org.testng.reporters.JUnitReportReporter -->
<testsuite hostname="ndasam-PC" name="sample.CheckBoxes_Test" tests="1" failures="0" timestamp="4 Aug 2016 02:15:02 GMT" time="10.073" errors="0">
  <testcase name="testCheckBoxes_Test" time="10.073" classname="sample.CheckBoxes_Test"/>
</testsuite> <!-- sample.CheckBoxes_Test -->
