<?xml version="1.0" encoding="UTF-8"?>
<!-- Generated by org.testng.reporters.JUnitReportReporter -->
<testsuite hostname="ndasam-PC" name="sample.First" tests="1" failures="0" timestamp="4 Aug 2016 02:09:55 GMT" time="0.008" errors="0">
  <testcase name="f" time="0.008" classname="sample.First"/>
</testsuite> <!-- sample.First -->
