<?xml version="1.0" encoding="UTF-8"?>
<!-- Generated by org.testng.reporters.JUnitReportReporter -->
<testsuite hostname="ndasam-PC" name="sample.GetTitle_Test" tests="1" failures="0" timestamp="5 Aug 2016 01:43:48 GMT" time="6.878" errors="0">
  <testcase name="testCheckBoxes_Test" time="6.878" classname="sample.GetTitle_Test"/>
</testsuite> <!-- sample.GetTitle_Test -->
