<?xml version="1.0" encoding="UTF-8"?>
<!-- Generated by org.testng.reporters.JUnitReportReporter -->
<testsuite hostname="ndasam-PC" name="sample.CheckBoxes_Test" tests="1" failures="0" timestamp="5 Aug 2016 01:43:48 GMT" time="7.902" errors="0">
  <testcase name="testCheckBoxes_Test" time="7.902" classname="sample.CheckBoxes_Test"/>
</testsuite> <!-- sample.CheckBoxes_Test -->
